<?xml version="1.0" encoding="UTF-8"?>
<testsuite name="invadem.TankTest" tests="5" skipped="0" failures="0" errors="0" timestamp="2019-11-18T11:40:22" hostname="Preethoms-MBP.gateway" time="0.001">
  <properties/>
  <testcase name="testTankIsDead" classname="invadem.TankTest" time="0.0"/>
  <testcase name="testTankSpawn" classname="invadem.TankTest" time="0.0"/>
  <testcase name="testTankConstruction" classname="invadem.TankTest" time="0.0"/>
  <testcase name="testTankIsNotDead" classname="invadem.TankTest" time="0.0"/>
  <testcase name="testTankIntersectWithEnemyProjectile" classname="invadem.TankTest" time="0.0"/>
  <system-out><![CDATA[]]></system-out>
  <system-err><![CDATA[]]></system-err>
</testsuite>
