<?xml version="1.0" encoding="UTF-8"?>
<testsuite name="invadem.BarrierTest" tests="5" skipped="0" failures="0" errors="0" timestamp="2019-11-18T11:40:22" hostname="Preethoms-MBP.gateway" time="0.001">
  <properties/>
  <testcase name="testBarrierRespawn" classname="invadem.BarrierTest" time="0.0"/>
  <testcase name="testBarrierNotDestroyed" classname="invadem.BarrierTest" time="0.0"/>
  <testcase name="barrierConstruction" classname="invadem.BarrierTest" time="0.0"/>
  <testcase name="testBarrierClearComponents" classname="invadem.BarrierTest" time="0.0"/>
  <testcase name="testBarrierHitPoints" classname="invadem.BarrierTest" time="0.0"/>
  <system-out><![CDATA[]]></system-out>
  <system-err><![CDATA[]]></system-err>
</testsuite>
