<?xml version="1.0" encoding="UTF-8"?>
<testsuite name="invadem.ProjectileTest" tests="5" skipped="0" failures="0" errors="0" timestamp="2019-11-18T11:40:22" hostname="Preethoms-MBP.gateway" time="0.001">
  <properties/>
  <testcase name="testProjectileIsNotFriendly" classname="invadem.ProjectileTest" time="0.0"/>
  <testcase name="testProjectileConstruction" classname="invadem.ProjectileTest" time="0.0"/>
  <testcase name="testProjectileIsFriendly" classname="invadem.ProjectileTest" time="0.0"/>
  <testcase name="testTankProjectileMovesUp" classname="invadem.ProjectileTest" time="0.0"/>
  <testcase name="testEnemyProjectileMovesDown" classname="invadem.ProjectileTest" time="0.0"/>
  <system-out><![CDATA[]]></system-out>
  <system-err><![CDATA[]]></system-err>
</testsuite>
