<?xml version="1.0" encoding="UTF-8"?>
<testsuite name="invadem.InvaderTest" tests="6" skipped="0" failures="0" errors="0" timestamp="2019-11-18T11:40:22" hostname="Preethoms-MBP.gateway" time="0.002">
  <properties/>
  <testcase name="testInvaderChangeSprite" classname="invadem.InvaderTest" time="0.0"/>
  <testcase name="testInvaderIsDead" classname="invadem.InvaderTest" time="0.0"/>
  <testcase name="testInvaderNotIntersectWithPlayerProjectile" classname="invadem.InvaderTest" time="0.0"/>
  <testcase name="testInvaderMove" classname="invadem.InvaderTest" time="0.0"/>
  <testcase name="testInvaderConstruction" classname="invadem.InvaderTest" time="0.0"/>
  <testcase name="testInvaderIntersectWithPlayerProjectile" classname="invadem.InvaderTest" time="0.001"/>
  <system-out><![CDATA[]]></system-out>
  <system-err><![CDATA[]]></system-err>
</testsuite>
